
> my-v0-project@0.1.0 dev
> next dev

   Ôû▓ Next.js 15.5.5
   - Local:        http://localhost:3000
   - Network:      http://192.168.1.88:3000
   - Environments: .env.local

 Ô£ô Starting...
 Ô£ô Ready in 1688ms
 Ôùï Compiling /api/auth/register ...
 Ô£ô Compiled /api/auth/register in 3.4s (431 modules)

­ƒôØ REGISTER REQUEST - Email: test_2137880176@example.com
============================================================
­ƒöÉ Creando usuario en Supabase Auth...
Ô£à Usuario creado en Auth - UID: 4f32fa8a-1b21-4aee-ae4c-f748a0f9856a
­ƒôä Creando perfil en la tabla profiles...
Ô£à Perfil creado exitosamente
   Email: test_2137880176@example.com
   Nombre: Test User
============================================================
Ô£à Registro completado exitosamente

 POST /api/auth/register 201 in 4422ms
 Ô£ô Compiled /api/auth/login in 230ms (433 modules)

­ƒöÉ LOGIN REQUEST - Email: test_2137880176@example.com
============================================================
Ô£à Autenticaci├│n exitosa - UID: 4f32fa8a-1b21-4aee-ae4c-f748a0f9856a
­ƒôä Obteniendo datos del perfil...
ÔÜá´©Å Perfil NO encontrado, creando con datos m├¡nimos
 POST /api/auth/login 200 in 471ms
 Ôùï Compiling /_not-found ...
 Ô£ô Compiled /_not-found in 2.7s (1046 modules)
 Ô¿» Error: supabaseKey is required.
    at eval (lib\supabaseClient.ts:28:53)
    at (ssr)/./lib/supabaseClient.ts (C:\Users\Alexa\Desktop\NUEVA WEB\NUEVA VERSION CLONADA\Agenda_Vercel\.next\server\app\_not-found\page.js:152:1)
    at eval (webpack-internal:///(ssr)/./contexts/DataContext.tsx:11:77)
    at (ssr)/./contexts/DataContext.tsx (C:\Users\Alexa\Desktop\NUEVA WEB\NUEVA VERSION CLONADA\Agenda_Vercel\.next\server\app\_not-found\page.js:108:1)
  26 | }
  27 |
> 28 | export const supabase: SupabaseClient = createClient(supabaseUrl, supabaseAnonKey, {
     |                                                     ^
  29 |   auth: {
  30 |     persistSession: true,
  31 |     detectSessionInUrl: false, {
  digest: '1157252571'
}
 POST /api/auth/register 500 in 3387ms
 Ô£ô Compiled in 226ms (336 modules)
 Ô£ô Compiled in 222ms (336 modules)
 Ô£ô Compiled in 209ms (336 modules)
 Ô£ô Compiled in 324ms (336 modules)
 Ô£ô Compiled in 250ms (336 modules)
 Ô¿» ./contexts/AuthContext.tsx
Error:   x Expression expected
     ,-[C:\Users\Alexa\Desktop\NUEVA WEB\NUEVA VERSION CLONADA\Agenda_Vercel\contexts\AuthContext.tsx:118:1]
 115 |     throw new Error('useAuth debe usarse dentro de un AuthProvider')
 116 |   }
 117 |   return context
 118 | } */
     :   ^
 119 | export function useAuth() {
 120 |   const context = useContext(AuthContext)
 120 |   if (context === undefined) {
     `----
  x Unterminated regexp literal
     ,-[C:\Users\Alexa\Desktop\NUEVA WEB\NUEVA VERSION CLONADA\Agenda_Vercel\contexts\AuthContext.tsx:118:1]
 115 |     throw new Error('useAuth debe usarse dentro de un AuthProvider')
 116 |   }
 117 |   return context
 118 | } */
     :    ^
 119 | export function useAuth() {
 120 |   const context = useContext(AuthContext)
 120 |   if (context === undefined) {
     `----
  x Expression expected
     ,-[C:\Users\Alexa\Desktop\NUEVA WEB\NUEVA VERSION CLONADA\Agenda_Vercel\contexts\AuthContext.tsx:118:1]
 115 |     throw new Error('useAuth debe usarse dentro de un AuthProvider')
 116 |   }
 117 |   return context
 118 | } */
     :     ^
 119 | export function useAuth() {
 120 |   const context = useContext(AuthContext)
 120 |   if (context === undefined) {
     `----

Caused by:
    Syntax Error

Import trace for requested module:
./contexts/AuthContext.tsx
./contexts/DataContext.tsx
 Ô¿» ./contexts/AuthContext.tsx
Error:   x Expression expected
     ,-[C:\Users\Alexa\Desktop\NUEVA WEB\NUEVA VERSION CLONADA\Agenda_Vercel\contexts\AuthContext.tsx:118:1]
 115 |     throw new Error('useAuth debe usarse dentro de un AuthProvider')
 116 |   }
 117 |   return context
 118 | } */
     :   ^
 119 | export function useAuth() {
 120 |   const context = useContext(AuthContext)
 120 |   if (context === undefined) {
     `----
  x Unterminated regexp literal
     ,-[C:\Users\Alexa\Desktop\NUEVA WEB\NUEVA VERSION CLONADA\Agenda_Vercel\contexts\AuthContext.tsx:118:1]
 115 |     throw new Error('useAuth debe usarse dentro de un AuthProvider')
 116 |   }
 117 |   return context
 118 | } */
     :    ^
 119 | export function useAuth() {
 120 |   const context = useContext(AuthContext)
 120 |   if (context === undefined) {
     `----
  x Expression expected
     ,-[C:\Users\Alexa\Desktop\NUEVA WEB\NUEVA VERSION CLONADA\Agenda_Vercel\contexts\AuthContext.tsx:118:1]
 115 |     throw new Error('useAuth debe usarse dentro de un AuthProvider')
 116 |   }
 117 |   return context
 118 | } */
     :     ^
 119 | export function useAuth() {
 120 |   const context = useContext(AuthContext)
 120 |   if (context === undefined) {
     `----

Caused by:
    Syntax Error

Import trace for requested module:
./contexts/AuthContext.tsx
./contexts/DataContext.tsx
 Ô¿» ./contexts/AuthContext.tsx
Error:   x Expression expected
     ,-[C:\Users\Alexa\Desktop\NUEVA WEB\NUEVA VERSION CLONADA\Agenda_Vercel\contexts\AuthContext.tsx:118:1]
 115 |     throw new Error('useAuth debe usarse dentro de un AuthProvider')
 116 |   }
 117 |   return context
 118 | } */
     :   ^
 119 | export function useAuth() {
 120 |   const context = useContext(AuthContext)
 120 |   if (context === undefined) {
     `----
  x Unterminated regexp literal
     ,-[C:\Users\Alexa\Desktop\NUEVA WEB\NUEVA VERSION CLONADA\Agenda_Vercel\contexts\AuthContext.tsx:118:1]
 115 |     throw new Error('useAuth debe usarse dentro de un AuthProvider')
 116 |   }
 117 |   return context
 118 | } */
     :    ^
 119 | export function useAuth() {
 120 |   const context = useContext(AuthContext)
 120 |   if (context === undefined) {
     `----
  x Expression expected
     ,-[C:\Users\Alexa\Desktop\NUEVA WEB\NUEVA VERSION CLONADA\Agenda_Vercel\contexts\AuthContext.tsx:118:1]
 115 |     throw new Error('useAuth debe usarse dentro de un AuthProvider')
 116 |   }
 117 |   return context
 118 | } */
     :     ^
 119 | export function useAuth() {
 120 |   const context = useContext(AuthContext)
 120 |   if (context === undefined) {
     `----

Caused by:
    Syntax Error

Import trace for requested module:
./contexts/AuthContext.tsx
./contexts/DataContext.tsx
 Ô¿» ./contexts/AuthContext.tsx
Error:   x Expression expected
     ,-[C:\Users\Alexa\Desktop\NUEVA WEB\NUEVA VERSION CLONADA\Agenda_Vercel\contexts\AuthContext.tsx:118:1]
 115 |     throw new Error('useAuth debe usarse dentro de un AuthProvider')
 116 |   }
 117 |   return context
 118 | } */
     :   ^
 119 | export function useAuth() {
 120 |   const context = useContext(AuthContext)
 120 |   if (context === undefined) {
     `----
  x Unterminated regexp literal
     ,-[C:\Users\Alexa\Desktop\NUEVA WEB\NUEVA VERSION CLONADA\Agenda_Vercel\contexts\AuthContext.tsx:118:1]
 115 |     throw new Error('useAuth debe usarse dentro de un AuthProvider')
 116 |   }
 117 |   return context
 118 | } */
     :    ^
 119 | export function useAuth() {
 120 |   const context = useContext(AuthContext)
 120 |   if (context === undefined) {
     `----
  x Expression expected
     ,-[C:\Users\Alexa\Desktop\NUEVA WEB\NUEVA VERSION CLONADA\Agenda_Vercel\contexts\AuthContext.tsx:118:1]
 115 |     throw new Error('useAuth debe usarse dentro de un AuthProvider')
 116 |   }
 117 |   return context
 118 | } */
     :     ^
 119 | export function useAuth() {
 120 |   const context = useContext(AuthContext)
 120 |   if (context === undefined) {
     `----

Caused by:
    Syntax Error

Import trace for requested module:
./contexts/AuthContext.tsx
./contexts/DataContext.tsx
 Ô¿» ./contexts/AuthContext.tsx
Error:   x Expression expected
     ,-[C:\Users\Alexa\Desktop\NUEVA WEB\NUEVA VERSION CLONADA\Agenda_Vercel\contexts\AuthContext.tsx:118:1]
 115 |     throw new Error('useAuth debe usarse dentro de un AuthProvider')
 116 |   }
 117 |   return context
 118 | } */
     :   ^
 119 | export function useAuth() {
 120 |   const context = useContext(AuthContext)
 120 |   if (context === undefined) {
     `----
  x Unterminated regexp literal
     ,-[C:\Users\Alexa\Desktop\NUEVA WEB\NUEVA VERSION CLONADA\Agenda_Vercel\contexts\AuthContext.tsx:118:1]
 115 |     throw new Error('useAuth debe usarse dentro de un AuthProvider')
 116 |   }
 117 |   return context
 118 | } */
     :    ^
 119 | export function useAuth() {
 120 |   const context = useContext(AuthContext)
 120 |   if (context === undefined) {
     `----
  x Expression expected
     ,-[C:\Users\Alexa\Desktop\NUEVA WEB\NUEVA VERSION CLONADA\Agenda_Vercel\contexts\AuthContext.tsx:118:1]
 115 |     throw new Error('useAuth debe usarse dentro de un AuthProvider')
 116 |   }
 117 |   return context
 118 | } */
     :     ^
 119 | export function useAuth() {
 120 |   const context = useContext(AuthContext)
 120 |   if (context === undefined) {
     `----

Caused by:
    Syntax Error

Import trace for requested module:
./contexts/AuthContext.tsx
./contexts/DataContext.tsx
 Ô¿» ./contexts/AuthContext.tsx
Error:   x Expression expected
     ,-[C:\Users\Alexa\Desktop\NUEVA WEB\NUEVA VERSION CLONADA\Agenda_Vercel\contexts\AuthContext.tsx:118:1]
 115 |     throw new Error('useAuth debe usarse dentro de un AuthProvider')
 116 |   }
 117 |   return context
 118 | } */
     :   ^
 119 | export function useAuth() {
 120 |   const context = useContext(AuthContext)
 120 |   if (context === undefined) {
     `----
  x Unterminated regexp literal
     ,-[C:\Users\Alexa\Desktop\NUEVA WEB\NUEVA VERSION CLONADA\Agenda_Vercel\contexts\AuthContext.tsx:118:1]
 115 |     throw new Error('useAuth debe usarse dentro de un AuthProvider')
 116 |   }
 117 |   return context
 118 | } */
     :    ^
 119 | export function useAuth() {
 120 |   const context = useContext(AuthContext)
 120 |   if (context === undefined) {
     `----
  x Expression expected
     ,-[C:\Users\Alexa\Desktop\NUEVA WEB\NUEVA VERSION CLONADA\Agenda_Vercel\contexts\AuthContext.tsx:118:1]
 115 |     throw new Error('useAuth debe usarse dentro de un AuthProvider')
 116 |   }
 117 |   return context
 118 | } */
     :     ^
 119 | export function useAuth() {
 120 |   const context = useContext(AuthContext)
 120 |   if (context === undefined) {
     `----

Caused by:
    Syntax Error

Import trace for requested module:
./contexts/AuthContext.tsx
./contexts/DataContext.tsx
 Ô¿» ./contexts/AuthContext.tsx
Error:   x Expression expected
     ,-[C:\Users\Alexa\Desktop\NUEVA WEB\NUEVA VERSION CLONADA\Agenda_Vercel\contexts\AuthContext.tsx:118:1]
 115 |     throw new Error('useAuth debe usarse dentro de un AuthProvider')
 116 |   }
 117 |   return context
 118 | } */
     :   ^
 119 | export function useAuth() {
 120 |   const context = useContext(AuthContext)
 120 |   if (context === undefined) {
     `----
  x Unterminated regexp literal
     ,-[C:\Users\Alexa\Desktop\NUEVA WEB\NUEVA VERSION CLONADA\Agenda_Vercel\contexts\AuthContext.tsx:118:1]
 115 |     throw new Error('useAuth debe usarse dentro de un AuthProvider')
 116 |   }
 117 |   return context
 118 | } */
     :    ^
 119 | export function useAuth() {
 120 |   const context = useContext(AuthContext)
 120 |   if (context === undefined) {
     `----
  x Expression expected
     ,-[C:\Users\Alexa\Desktop\NUEVA WEB\NUEVA VERSION CLONADA\Agenda_Vercel\contexts\AuthContext.tsx:118:1]
 115 |     throw new Error('useAuth debe usarse dentro de un AuthProvider')
 116 |   }
 117 |   return context
 118 | } */
     :     ^
 119 | export function useAuth() {
 120 |   const context = useContext(AuthContext)
 120 |   if (context === undefined) {
     `----

Caused by:
    Syntax Error

Import trace for requested module:
./contexts/AuthContext.tsx
./contexts/DataContext.tsx
 Ô¿» ./contexts/AuthContext.tsx
Error:   x Expression expected
     ,-[C:\Users\Alexa\Desktop\NUEVA WEB\NUEVA VERSION CLONADA\Agenda_Vercel\contexts\AuthContext.tsx:118:1]
 115 |     throw new Error('useAuth debe usarse dentro de un AuthProvider')
 116 |   }
 117 |   return context
 118 | } */
     :   ^
 119 | export function useAuth() {
 120 |   const context = useContext(AuthContext)
 120 |   if (context === undefined) {
     `----
  x Unterminated regexp literal
     ,-[C:\Users\Alexa\Desktop\NUEVA WEB\NUEVA VERSION CLONADA\Agenda_Vercel\contexts\AuthContext.tsx:118:1]
 115 |     throw new Error('useAuth debe usarse dentro de un AuthProvider')
 116 |   }
 117 |   return context
 118 | } */
     :    ^
 119 | export function useAuth() {
 120 |   const context = useContext(AuthContext)
 120 |   if (context === undefined) {
     `----
  x Expression expected
     ,-[C:\Users\Alexa\Desktop\NUEVA WEB\NUEVA VERSION CLONADA\Agenda_Vercel\contexts\AuthContext.tsx:118:1]
 115 |     throw new Error('useAuth debe usarse dentro de un AuthProvider')
 116 |   }
 117 |   return context
 118 | } */
     :     ^
 119 | export function useAuth() {
 120 |   const context = useContext(AuthContext)
 120 |   if (context === undefined) {
     `----

Caused by:
    Syntax Error

Import trace for requested module:
./contexts/AuthContext.tsx
./contexts/DataContext.tsx
 Ô¿» ./contexts/AuthContext.tsx
Error:   x Expression expected
     ,-[C:\Users\Alexa\Desktop\NUEVA WEB\NUEVA VERSION CLONADA\Agenda_Vercel\contexts\AuthContext.tsx:118:1]
 115 |     throw new Error('useAuth debe usarse dentro de un AuthProvider')
 116 |   }
 117 |   return context
 118 | } */
     :   ^
 119 | export function useAuth() {
 120 |   const context = useContext(AuthContext)
 120 |   if (context === undefined) {
     `----
  x Unterminated regexp literal
     ,-[C:\Users\Alexa\Desktop\NUEVA WEB\NUEVA VERSION CLONADA\Agenda_Vercel\contexts\AuthContext.tsx:118:1]
 115 |     throw new Error('useAuth debe usarse dentro de un AuthProvider')
 116 |   }
 117 |   return context
 118 | } */
     :    ^
 119 | export function useAuth() {
 120 |   const context = useContext(AuthContext)
 120 |   if (context === undefined) {
     `----
  x Expression expected
     ,-[C:\Users\Alexa\Desktop\NUEVA WEB\NUEVA VERSION CLONADA\Agenda_Vercel\contexts\AuthContext.tsx:118:1]
 115 |     throw new Error('useAuth debe usarse dentro de un AuthProvider')
 116 |   }
 117 |   return context
 118 | } */
     :     ^
 119 | export function useAuth() {
 120 |   const context = useContext(AuthContext)
 120 |   if (context === undefined) {
     `----

Caused by:
    Syntax Error

Import trace for requested module:
./contexts/AuthContext.tsx
./contexts/DataContext.tsx
 Ô¿» ./contexts/AuthContext.tsx
Error:   x Expression expected
     ,-[C:\Users\Alexa\Desktop\NUEVA WEB\NUEVA VERSION CLONADA\Agenda_Vercel\contexts\AuthContext.tsx:118:1]
 115 |     throw new Error('useAuth debe usarse dentro de un AuthProvider')
 116 |   }
 117 |   return context
 118 | } */
     :   ^
 119 | export function useAuth() {
 120 |   const context = useContext(AuthContext)
 120 |   if (context === undefined) {
     `----
  x Unterminated regexp literal
     ,-[C:\Users\Alexa\Desktop\NUEVA WEB\NUEVA VERSION CLONADA\Agenda_Vercel\contexts\AuthContext.tsx:118:1]
 115 |     throw new Error('useAuth debe usarse dentro de un AuthProvider')
 116 |   }
 117 |   return context
 118 | } */
     :    ^
 119 | export function useAuth() {
 120 |   const context = useContext(AuthContext)
 120 |   if (context === undefined) {
     `----
  x Expression expected
     ,-[C:\Users\Alexa\Desktop\NUEVA WEB\NUEVA VERSION CLONADA\Agenda_Vercel\contexts\AuthContext.tsx:118:1]
 115 |     throw new Error('useAuth debe usarse dentro de un AuthProvider')
 116 |   }
 117 |   return context
 118 | } */
     :     ^
 119 | export function useAuth() {
 120 |   const context = useContext(AuthContext)
 120 |   if (context === undefined) {
     `----

Caused by:
    Syntax Error

Import trace for requested module:
./contexts/AuthContext.tsx
./contexts/DataContext.tsx
 Ô¿» ./contexts/AuthContext.tsx
Error:   x Expression expected
     ,-[C:\Users\Alexa\Desktop\NUEVA WEB\NUEVA VERSION CLONADA\Agenda_Vercel\contexts\AuthContext.tsx:118:1]
 115 |     throw new Error('useAuth debe usarse dentro de un AuthProvider')
 116 |   }
 117 |   return context
 118 | } */
     :   ^
 119 | export function useAuth() {
 120 |   const context = useContext(AuthContext)
 120 |   if (context === undefined) {
     `----
  x Unterminated regexp literal
     ,-[C:\Users\Alexa\Desktop\NUEVA WEB\NUEVA VERSION CLONADA\Agenda_Vercel\contexts\AuthContext.tsx:118:1]
 115 |     throw new Error('useAuth debe usarse dentro de un AuthProvider')
 116 |   }
 117 |   return context
 118 | } */
     :    ^
 119 | export function useAuth() {
 120 |   const context = useContext(AuthContext)
 120 |   if (context === undefined) {
     `----
  x Expression expected
     ,-[C:\Users\Alexa\Desktop\NUEVA WEB\NUEVA VERSION CLONADA\Agenda_Vercel\contexts\AuthContext.tsx:118:1]
 115 |     throw new Error('useAuth debe usarse dentro de un AuthProvider')
 116 |   }
 117 |   return context
 118 | } */
     :     ^
 119 | export function useAuth() {
 120 |   const context = useContext(AuthContext)
 120 |   if (context === undefined) {
     `----

Caused by:
    Syntax Error

Import trace for requested module:
./contexts/AuthContext.tsx
./contexts/DataContext.tsx
 Ô¿» ./contexts/AuthContext.tsx
Error:   x Expression expected
     ,-[C:\Users\Alexa\Desktop\NUEVA WEB\NUEVA VERSION CLONADA\Agenda_Vercel\contexts\AuthContext.tsx:118:1]
 115 |     throw new Error('useAuth debe usarse dentro de un AuthProvider')
 116 |   }
 117 |   return context
 118 | } */
     :   ^
 119 | export function useAuth() {
 120 |   const context = useContext(AuthContext)
 120 |   if (context === undefined) {
     `----
  x Unterminated regexp literal
     ,-[C:\Users\Alexa\Desktop\NUEVA WEB\NUEVA VERSION CLONADA\Agenda_Vercel\contexts\AuthContext.tsx:118:1]
 115 |     throw new Error('useAuth debe usarse dentro de un AuthProvider')
 116 |   }
 117 |   return context
 118 | } */
     :    ^
 119 | export function useAuth() {
 120 |   const context = useContext(AuthContext)
 120 |   if (context === undefined) {
     `----
  x Expression expected
     ,-[C:\Users\Alexa\Desktop\NUEVA WEB\NUEVA VERSION CLONADA\Agenda_Vercel\contexts\AuthContext.tsx:118:1]
 115 |     throw new Error('useAuth debe usarse dentro de un AuthProvider')
 116 |   }
 117 |   return context
 118 | } */
     :     ^
 119 | export function useAuth() {
 120 |   const context = useContext(AuthContext)
 120 |   if (context === undefined) {
     `----

Caused by:
    Syntax Error

Import trace for requested module:
./contexts/AuthContext.tsx
./contexts/DataContext.tsx
 Ô¿» ./contexts/AuthContext.tsx
Error:   x Expression expected
     ,-[C:\Users\Alexa\Desktop\NUEVA WEB\NUEVA VERSION CLONADA\Agenda_Vercel\contexts\AuthContext.tsx:118:1]
 115 |     throw new Error('useAuth debe usarse dentro de un AuthProvider')
 116 |   }
 117 |   return context
 118 | } */
     :   ^
 119 | export function useAuth() {
 120 |   const context = useContext(AuthContext)
 120 |   if (context === undefined) {
     `----
  x Unterminated regexp literal
     ,-[C:\Users\Alexa\Desktop\NUEVA WEB\NUEVA VERSION CLONADA\Agenda_Vercel\contexts\AuthContext.tsx:118:1]
 115 |     throw new Error('useAuth debe usarse dentro de un AuthProvider')
 116 |   }
 117 |   return context
 118 | } */
     :    ^
 119 | export function useAuth() {
 120 |   const context = useContext(AuthContext)
 120 |   if (context === undefined) {
     `----
  x Expression expected
     ,-[C:\Users\Alexa\Desktop\NUEVA WEB\NUEVA VERSION CLONADA\Agenda_Vercel\contexts\AuthContext.tsx:118:1]
 115 |     throw new Error('useAuth debe usarse dentro de un AuthProvider')
 116 |   }
 117 |   return context
 118 | } */
     :     ^
 119 | export function useAuth() {
 120 |   const context = useContext(AuthContext)
 120 |   if (context === undefined) {
     `----

Caused by:
    Syntax Error

Import trace for requested module:
./contexts/AuthContext.tsx
./contexts/DataContext.tsx
 Ô¿» ./contexts/AuthContext.tsx
Error:   x Expression expected
     ,-[C:\Users\Alexa\Desktop\NUEVA WEB\NUEVA VERSION CLONADA\Agenda_Vercel\contexts\AuthContext.tsx:118:1]
 115 |     throw new Error('useAuth debe usarse dentro de un AuthProvider')
 116 |   }
 117 |   return context
 118 | } */
     :   ^
 119 | export function useAuth() {
 120 |   const context = useContext(AuthContext)
 120 |   if (context === undefined) {
     `----
  x Unterminated regexp literal
     ,-[C:\Users\Alexa\Desktop\NUEVA WEB\NUEVA VERSION CLONADA\Agenda_Vercel\contexts\AuthContext.tsx:118:1]
 115 |     throw new Error('useAuth debe usarse dentro de un AuthProvider')
 116 |   }
 117 |   return context
 118 | } */
     :    ^
 119 | export function useAuth() {
 120 |   const context = useContext(AuthContext)
 120 |   if (context === undefined) {
     `----
  x Expression expected
     ,-[C:\Users\Alexa\Desktop\NUEVA WEB\NUEVA VERSION CLONADA\Agenda_Vercel\contexts\AuthContext.tsx:118:1]
 115 |     throw new Error('useAuth debe usarse dentro de un AuthProvider')
 116 |   }
 117 |   return context
 118 | } */
     :     ^
 119 | export function useAuth() {
 120 |   const context = useContext(AuthContext)
 120 |   if (context === undefined) {
     `----

Caused by:
    Syntax Error

Import trace for requested module:
./contexts/AuthContext.tsx
./contexts/DataContext.tsx
 Ô¿» ./contexts/AuthContext.tsx
Error:   x Expression expected
     ,-[C:\Users\Alexa\Desktop\NUEVA WEB\NUEVA VERSION CLONADA\Agenda_Vercel\contexts\AuthContext.tsx:118:1]
 115 |     throw new Error('useAuth debe usarse dentro de un AuthProvider')
 116 |   }
 117 |   return context
 118 | } */
     :   ^
 119 | export function useAuth() {
 120 |   const context = useContext(AuthContext)
 120 |   if (context === undefined) {
     `----
  x Unterminated regexp literal
     ,-[C:\Users\Alexa\Desktop\NUEVA WEB\NUEVA VERSION CLONADA\Agenda_Vercel\contexts\AuthContext.tsx:118:1]
 115 |     throw new Error('useAuth debe usarse dentro de un AuthProvider')
 116 |   }
 117 |   return context
 118 | } */
     :    ^
 119 | export function useAuth() {
 120 |   const context = useContext(AuthContext)
 120 |   if (context === undefined) {
     `----
  x Expression expected
     ,-[C:\Users\Alexa\Desktop\NUEVA WEB\NUEVA VERSION CLONADA\Agenda_Vercel\contexts\AuthContext.tsx:118:1]
 115 |     throw new Error('useAuth debe usarse dentro de un AuthProvider')
 116 |   }
 117 |   return context
 118 | } */
     :     ^
 119 | export function useAuth() {
 120 |   const context = useContext(AuthContext)
 120 |   if (context === undefined) {
     `----

Caused by:
    Syntax Error

Import trace for requested module:
./contexts/AuthContext.tsx
./contexts/DataContext.tsx
 Ô¿» ./contexts/AuthContext.tsx
Error:   x Expression expected
     ,-[C:\Users\Alexa\Desktop\NUEVA WEB\NUEVA VERSION CLONADA\Agenda_Vercel\contexts\AuthContext.tsx:118:1]
 115 |     throw new Error('useAuth debe usarse dentro de un AuthProvider')
 116 |   }
 117 |   return context
 118 | } */
     :   ^
 119 | export function useAuth() {
 120 |   const context = useContext(AuthContext)
 120 |   if (context === undefined) {
     `----
  x Unterminated regexp literal
     ,-[C:\Users\Alexa\Desktop\NUEVA WEB\NUEVA VERSION CLONADA\Agenda_Vercel\contexts\AuthContext.tsx:118:1]
 115 |     throw new Error('useAuth debe usarse dentro de un AuthProvider')
 116 |   }
 117 |   return context
 118 | } */
     :    ^
 119 | export function useAuth() {
 120 |   const context = useContext(AuthContext)
 120 |   if (context === undefined) {
     `----
  x Expression expected
     ,-[C:\Users\Alexa\Desktop\NUEVA WEB\NUEVA VERSION CLONADA\Agenda_Vercel\contexts\AuthContext.tsx:118:1]
 115 |     throw new Error('useAuth debe usarse dentro de un AuthProvider')
 116 |   }
 117 |   return context
 118 | } */
     :     ^
 119 | export function useAuth() {
 120 |   const context = useContext(AuthContext)
 120 |   if (context === undefined) {
     `----

Caused by:
    Syntax Error

Import trace for requested module:
./contexts/AuthContext.tsx
./contexts/DataContext.tsx
 Ô¿» ./contexts/AuthContext.tsx
Error:   x Expression expected
     ,-[C:\Users\Alexa\Desktop\NUEVA WEB\NUEVA VERSION CLONADA\Agenda_Vercel\contexts\AuthContext.tsx:118:1]
 115 |     throw new Error('useAuth debe usarse dentro de un AuthProvider')
 116 |   }
 117 |   return context
 118 | } */
     :   ^
 119 | export function useAuth() {
 120 |   const context = useContext(AuthContext)
 120 |   if (context === undefined) {
     `----
  x Unterminated regexp literal
     ,-[C:\Users\Alexa\Desktop\NUEVA WEB\NUEVA VERSION CLONADA\Agenda_Vercel\contexts\AuthContext.tsx:118:1]
 115 |     throw new Error('useAuth debe usarse dentro de un AuthProvider')
 116 |   }
 117 |   return context
 118 | } */
     :    ^
 119 | export function useAuth() {
 120 |   const context = useContext(AuthContext)
 120 |   if (context === undefined) {
     `----
  x Expression expected
     ,-[C:\Users\Alexa\Desktop\NUEVA WEB\NUEVA VERSION CLONADA\Agenda_Vercel\contexts\AuthContext.tsx:118:1]
 115 |     throw new Error('useAuth debe usarse dentro de un AuthProvider')
 116 |   }
 117 |   return context
 118 | } */
     :     ^
 119 | export function useAuth() {
 120 |   const context = useContext(AuthContext)
 120 |   if (context === undefined) {
     `----

Caused by:
    Syntax Error

Import trace for requested module:
./contexts/AuthContext.tsx
./contexts/DataContext.tsx
 Ô¿» ./contexts/AuthContext.tsx
Error:   x Expression expected
     ,-[C:\Users\Alexa\Desktop\NUEVA WEB\NUEVA VERSION CLONADA\Agenda_Vercel\contexts\AuthContext.tsx:118:1]
 115 |     throw new Error('useAuth debe usarse dentro de un AuthProvider')
 116 |   }
 117 |   return context
 118 | } */
     :   ^
 119 | export function useAuth() {
 120 |   const context = useContext(AuthContext)
 120 |   if (context === undefined) {
     `----
  x Unterminated regexp literal
     ,-[C:\Users\Alexa\Desktop\NUEVA WEB\NUEVA VERSION CLONADA\Agenda_Vercel\contexts\AuthContext.tsx:118:1]
 115 |     throw new Error('useAuth debe usarse dentro de un AuthProvider')
 116 |   }
 117 |   return context
 118 | } */
     :    ^
 119 | export function useAuth() {
 120 |   const context = useContext(AuthContext)
 120 |   if (context === undefined) {
     `----
  x Expression expected
     ,-[C:\Users\Alexa\Desktop\NUEVA WEB\NUEVA VERSION CLONADA\Agenda_Vercel\contexts\AuthContext.tsx:118:1]
 115 |     throw new Error('useAuth debe usarse dentro de un AuthProvider')
 116 |   }
 117 |   return context
 118 | } */
     :     ^
 119 | export function useAuth() {
 120 |   const context = useContext(AuthContext)
 120 |   if (context === undefined) {
     `----

Caused by:
    Syntax Error

Import trace for requested module:
./contexts/AuthContext.tsx
./contexts/DataContext.tsx
 Ô¿» ./contexts/AuthContext.tsx
Error:   x Expression expected
     ,-[C:\Users\Alexa\Desktop\NUEVA WEB\NUEVA VERSION CLONADA\Agenda_Vercel\contexts\AuthContext.tsx:118:1]
 115 |     throw new Error('useAuth debe usarse dentro de un AuthProvider')
 116 |   }
 117 |   return context
 118 | } */
     :   ^
 119 | export function useAuth() {
 120 |   const context = useContext(AuthContext)
 120 |   if (context === undefined) {
     `----
  x Unterminated regexp literal
     ,-[C:\Users\Alexa\Desktop\NUEVA WEB\NUEVA VERSION CLONADA\Agenda_Vercel\contexts\AuthContext.tsx:118:1]
 115 |     throw new Error('useAuth debe usarse dentro de un AuthProvider')
 116 |   }
 117 |   return context
 118 | } */
     :    ^
 119 | export function useAuth() {
 120 |   const context = useContext(AuthContext)
 120 |   if (context === undefined) {
     `----
  x Expression expected
     ,-[C:\Users\Alexa\Desktop\NUEVA WEB\NUEVA VERSION CLONADA\Agenda_Vercel\contexts\AuthContext.tsx:118:1]
 115 |     throw new Error('useAuth debe usarse dentro de un AuthProvider')
 116 |   }
 117 |   return context
 118 | } */
     :     ^
 119 | export function useAuth() {
 120 |   const context = useContext(AuthContext)
 120 |   if (context === undefined) {
     `----

Caused by:
    Syntax Error

Import trace for requested module:
./contexts/AuthContext.tsx
./contexts/DataContext.tsx
 Ô¿» ./contexts/AuthContext.tsx
Error:   x Expression expected
     ,-[C:\Users\Alexa\Desktop\NUEVA WEB\NUEVA VERSION CLONADA\Agenda_Vercel\contexts\AuthContext.tsx:118:1]
 115 |     throw new Error('useAuth debe usarse dentro de un AuthProvider')
 116 |   }
 117 |   return context
 118 | } */
     :   ^
 119 | export function useAuth() {
 120 |   const context = useContext(AuthContext)
 120 |   if (context === undefined) {
     `----
  x Unterminated regexp literal
     ,-[C:\Users\Alexa\Desktop\NUEVA WEB\NUEVA VERSION CLONADA\Agenda_Vercel\contexts\AuthContext.tsx:118:1]
 115 |     throw new Error('useAuth debe usarse dentro de un AuthProvider')
 116 |   }
 117 |   return context
 118 | } */
     :    ^
 119 | export function useAuth() {
 120 |   const context = useContext(AuthContext)
 120 |   if (context === undefined) {
     `----
  x Expression expected
     ,-[C:\Users\Alexa\Desktop\NUEVA WEB\NUEVA VERSION CLONADA\Agenda_Vercel\contexts\AuthContext.tsx:118:1]
 115 |     throw new Error('useAuth debe usarse dentro de un AuthProvider')
 116 |   }
 117 |   return context
 118 | } */
     :     ^
 119 | export function useAuth() {
 120 |   const context = useContext(AuthContext)
 120 |   if (context === undefined) {
     `----

Caused by:
    Syntax Error

Import trace for requested module:
./contexts/AuthContext.tsx
./contexts/DataContext.tsx
 Ô¿» ./contexts/AuthContext.tsx
Error:   x Expression expected
     ,-[C:\Users\Alexa\Desktop\NUEVA WEB\NUEVA VERSION CLONADA\Agenda_Vercel\contexts\AuthContext.tsx:118:1]
 115 |     throw new Error('useAuth debe usarse dentro de un AuthProvider')
 116 |   }
 117 |   return context
 118 | } */
     :   ^
 119 | export function useAuth() {
 120 |   const context = useContext(AuthContext)
 120 |   if (context === undefined) {
     `----
  x Unterminated regexp literal
     ,-[C:\Users\Alexa\Desktop\NUEVA WEB\NUEVA VERSION CLONADA\Agenda_Vercel\contexts\AuthContext.tsx:118:1]
 115 |     throw new Error('useAuth debe usarse dentro de un AuthProvider')
 116 |   }
 117 |   return context
 118 | } */
     :    ^
 119 | export function useAuth() {
 120 |   const context = useContext(AuthContext)
 120 |   if (context === undefined) {
     `----
  x Expression expected
     ,-[C:\Users\Alexa\Desktop\NUEVA WEB\NUEVA VERSION CLONADA\Agenda_Vercel\contexts\AuthContext.tsx:118:1]
 115 |     throw new Error('useAuth debe usarse dentro de un AuthProvider')
 116 |   }
 117 |   return context
 118 | } */
     :     ^
 119 | export function useAuth() {
 120 |   const context = useContext(AuthContext)
 120 |   if (context === undefined) {
     `----

Caused by:
    Syntax Error

Import trace for requested module:
./contexts/AuthContext.tsx
./contexts/DataContext.tsx
 Ô¿» ./contexts/AuthContext.tsx
Error:   x Expression expected
     ,-[C:\Users\Alexa\Desktop\NUEVA WEB\NUEVA VERSION CLONADA\Agenda_Vercel\contexts\AuthContext.tsx:118:1]
 115 |     throw new Error('useAuth debe usarse dentro de un AuthProvider')
 116 |   }
 117 |   return context
 118 | } */
     :   ^
 119 | export function useAuth() {
 120 |   const context = useContext(AuthContext)
 120 |   if (context === undefined) {
     `----
  x Unterminated regexp literal
     ,-[C:\Users\Alexa\Desktop\NUEVA WEB\NUEVA VERSION CLONADA\Agenda_Vercel\contexts\AuthContext.tsx:118:1]
 115 |     throw new Error('useAuth debe usarse dentro de un AuthProvider')
 116 |   }
 117 |   return context
 118 | } */
     :    ^
 119 | export function useAuth() {
 120 |   const context = useContext(AuthContext)
 120 |   if (context === undefined) {
     `----
  x Expression expected
     ,-[C:\Users\Alexa\Desktop\NUEVA WEB\NUEVA VERSION CLONADA\Agenda_Vercel\contexts\AuthContext.tsx:118:1]
 115 |     throw new Error('useAuth debe usarse dentro de un AuthProvider')
 116 |   }
 117 |   return context
 118 | } */
     :     ^
 119 | export function useAuth() {
 120 |   const context = useContext(AuthContext)
 120 |   if (context === undefined) {
     `----

Caused by:
    Syntax Error

Import trace for requested module:
./contexts/AuthContext.tsx
./contexts/DataContext.tsx
 Ô¿» ./contexts/AuthContext.tsx
Error:   x Expression expected
     ,-[C:\Users\Alexa\Desktop\NUEVA WEB\NUEVA VERSION CLONADA\Agenda_Vercel\contexts\AuthContext.tsx:118:1]
 115 |     throw new Error('useAuth debe usarse dentro de un AuthProvider')
 116 |   }
 117 |   return context
 118 | } */
     :   ^
 119 | export function useAuth() {
 120 |   const context = useContext(AuthContext)
 120 |   if (context === undefined) {
     `----
  x Unterminated regexp literal
     ,-[C:\Users\Alexa\Desktop\NUEVA WEB\NUEVA VERSION CLONADA\Agenda_Vercel\contexts\AuthContext.tsx:118:1]
 115 |     throw new Error('useAuth debe usarse dentro de un AuthProvider')
 116 |   }
 117 |   return context
 118 | } */
     :    ^
 119 | export function useAuth() {
 120 |   const context = useContext(AuthContext)
 120 |   if (context === undefined) {
     `----
  x Expression expected
     ,-[C:\Users\Alexa\Desktop\NUEVA WEB\NUEVA VERSION CLONADA\Agenda_Vercel\contexts\AuthContext.tsx:118:1]
 115 |     throw new Error('useAuth debe usarse dentro de un AuthProvider')
 116 |   }
 117 |   return context
 118 | } */
     :     ^
 119 | export function useAuth() {
 120 |   const context = useContext(AuthContext)
 120 |   if (context === undefined) {
     `----

Caused by:
    Syntax Error

Import trace for requested module:
./contexts/AuthContext.tsx
./contexts/DataContext.tsx
 Ô¿» ./contexts/AuthContext.tsx
Error:   x Expression expected
     ,-[C:\Users\Alexa\Desktop\NUEVA WEB\NUEVA VERSION CLONADA\Agenda_Vercel\contexts\AuthContext.tsx:118:1]
 115 |     throw new Error('useAuth debe usarse dentro de un AuthProvider')
 116 |   }
 117 |   return context
 118 | } */
     :   ^
 119 | export function useAuth() {
 120 |   const context = useContext(AuthContext)
 120 |   if (context === undefined) {
     `----
  x Unterminated regexp literal
     ,-[C:\Users\Alexa\Desktop\NUEVA WEB\NUEVA VERSION CLONADA\Agenda_Vercel\contexts\AuthContext.tsx:118:1]
 115 |     throw new Error('useAuth debe usarse dentro de un AuthProvider')
 116 |   }
 117 |   return context
 118 | } */
     :    ^
 119 | export function useAuth() {
 120 |   const context = useContext(AuthContext)
 120 |   if (context === undefined) {
     `----
  x Expression expected
     ,-[C:\Users\Alexa\Desktop\NUEVA WEB\NUEVA VERSION CLONADA\Agenda_Vercel\contexts\AuthContext.tsx:118:1]
 115 |     throw new Error('useAuth debe usarse dentro de un AuthProvider')
 116 |   }
 117 |   return context
 118 | } */
     :     ^
 119 | export function useAuth() {
 120 |   const context = useContext(AuthContext)
 120 |   if (context === undefined) {
     `----

Caused by:
    Syntax Error

Import trace for requested module:
./contexts/AuthContext.tsx
./contexts/DataContext.tsx
 Ô¿» ./contexts/AuthContext.tsx
Error:   x Expression expected
     ,-[C:\Users\Alexa\Desktop\NUEVA WEB\NUEVA VERSION CLONADA\Agenda_Vercel\contexts\AuthContext.tsx:118:1]
 115 |     throw new Error('useAuth debe usarse dentro de un AuthProvider')
 116 |   }
 117 |   return context
 118 | } */
     :   ^
 119 | export function useAuth() {
 120 |   const context = useContext(AuthContext)
 120 |   if (context === undefined) {
     `----
  x Unterminated regexp literal
     ,-[C:\Users\Alexa\Desktop\NUEVA WEB\NUEVA VERSION CLONADA\Agenda_Vercel\contexts\AuthContext.tsx:118:1]
 115 |     throw new Error('useAuth debe usarse dentro de un AuthProvider')
 116 |   }
 117 |   return context
 118 | } */
     :    ^
 119 | export function useAuth() {
 120 |   const context = useContext(AuthContext)
 120 |   if (context === undefined) {
     `----
  x Expression expected
     ,-[C:\Users\Alexa\Desktop\NUEVA WEB\NUEVA VERSION CLONADA\Agenda_Vercel\contexts\AuthContext.tsx:118:1]
 115 |     throw new Error('useAuth debe usarse dentro de un AuthProvider')
 116 |   }
 117 |   return context
 118 | } */
     :     ^
 119 | export function useAuth() {
 120 |   const context = useContext(AuthContext)
 120 |   if (context === undefined) {
     `----

Caused by:
    Syntax Error

Import trace for requested module:
./contexts/AuthContext.tsx
./contexts/DataContext.tsx
 Ô¿» ./contexts/AuthContext.tsx
Error:   x Expression expected
     ,-[C:\Users\Alexa\Desktop\NUEVA WEB\NUEVA VERSION CLONADA\Agenda_Vercel\contexts\AuthContext.tsx:118:1]
 115 |     throw new Error('useAuth debe usarse dentro de un AuthProvider')
 116 |   }
 117 |   return context
 118 | } */
     :   ^
 119 | export function useAuth() {
 120 |   const context = useContext(AuthContext)
 120 |   if (context === undefined) {
     `----
  x Unterminated regexp literal
     ,-[C:\Users\Alexa\Desktop\NUEVA WEB\NUEVA VERSION CLONADA\Agenda_Vercel\contexts\AuthContext.tsx:118:1]
 115 |     throw new Error('useAuth debe usarse dentro de un AuthProvider')
 116 |   }
 117 |   return context
 118 | } */
     :    ^
 119 | export function useAuth() {
 120 |   const context = useContext(AuthContext)
 120 |   if (context === undefined) {
     `----
  x Expression expected
     ,-[C:\Users\Alexa\Desktop\NUEVA WEB\NUEVA VERSION CLONADA\Agenda_Vercel\contexts\AuthContext.tsx:118:1]
 115 |     throw new Error('useAuth debe usarse dentro de un AuthProvider')
 116 |   }
 117 |   return context
 118 | } */
     :     ^
 119 | export function useAuth() {
 120 |   const context = useContext(AuthContext)
 120 |   if (context === undefined) {
     `----

Caused by:
    Syntax Error

Import trace for requested module:
./contexts/AuthContext.tsx
./contexts/DataContext.tsx
 Ô¿» ./contexts/AuthContext.tsx
Error:   x Expression expected
     ,-[C:\Users\Alexa\Desktop\NUEVA WEB\NUEVA VERSION CLONADA\Agenda_Vercel\contexts\AuthContext.tsx:118:1]
 115 |     throw new Error('useAuth debe usarse dentro de un AuthProvider')
 116 |   }
 117 |   return context
 118 | } */
     :   ^
 119 | export function useAuth() {
 120 |   const context = useContext(AuthContext)
 120 |   if (context === undefined) {
     `----
  x Unterminated regexp literal
     ,-[C:\Users\Alexa\Desktop\NUEVA WEB\NUEVA VERSION CLONADA\Agenda_Vercel\contexts\AuthContext.tsx:118:1]
 115 |     throw new Error('useAuth debe usarse dentro de un AuthProvider')
 116 |   }
 117 |   return context
 118 | } */
     :    ^
 119 | export function useAuth() {
 120 |   const context = useContext(AuthContext)
 120 |   if (context === undefined) {
     `----
  x Expression expected
     ,-[C:\Users\Alexa\Desktop\NUEVA WEB\NUEVA VERSION CLONADA\Agenda_Vercel\contexts\AuthContext.tsx:118:1]
 115 |     throw new Error('useAuth debe usarse dentro de un AuthProvider')
 116 |   }
 117 |   return context
 118 | } */
     :     ^
 119 | export function useAuth() {
 120 |   const context = useContext(AuthContext)
 120 |   if (context === undefined) {
     `----

Caused by:
    Syntax Error

Import trace for requested module:
./contexts/AuthContext.tsx
./contexts/DataContext.tsx
 Ô¿» ./contexts/AuthContext.tsx
Error:   x Expression expected
     ,-[C:\Users\Alexa\Desktop\NUEVA WEB\NUEVA VERSION CLONADA\Agenda_Vercel\contexts\AuthContext.tsx:118:1]
 115 |     throw new Error('useAuth debe usarse dentro de un AuthProvider')
 116 |   }
 117 |   return context
 118 | } */
     :   ^
 119 | export function useAuth() {
 120 |   const context = useContext(AuthContext)
 120 |   if (context === undefined) {
     `----
  x Unterminated regexp literal
     ,-[C:\Users\Alexa\Desktop\NUEVA WEB\NUEVA VERSION CLONADA\Agenda_Vercel\contexts\AuthContext.tsx:118:1]
 115 |     throw new Error('useAuth debe usarse dentro de un AuthProvider')
 116 |   }
 117 |   return context
 118 | } */
     :    ^
 119 | export function useAuth() {
 120 |   const context = useContext(AuthContext)
 120 |   if (context === undefined) {
     `----
  x Expression expected
     ,-[C:\Users\Alexa\Desktop\NUEVA WEB\NUEVA VERSION CLONADA\Agenda_Vercel\contexts\AuthContext.tsx:118:1]
 115 |     throw new Error('useAuth debe usarse dentro de un AuthProvider')
 116 |   }
 117 |   return context
 118 | } */
     :     ^
 119 | export function useAuth() {
 120 |   const context = useContext(AuthContext)
 120 |   if (context === undefined) {
     `----

Caused by:
    Syntax Error

Import trace for requested module:
./contexts/AuthContext.tsx
./contexts/DataContext.tsx
 Ô¿» ./contexts/AuthContext.tsx
Error:   x Expression expected
     ,-[C:\Users\Alexa\Desktop\NUEVA WEB\NUEVA VERSION CLONADA\Agenda_Vercel\contexts\AuthContext.tsx:118:1]
 115 |     throw new Error('useAuth debe usarse dentro de un AuthProvider')
 116 |   }
 117 |   return context
 118 | } */
     :   ^
 119 | export function useAuth() {
 120 |   const context = useContext(AuthContext)
 120 |   if (context === undefined) {
     `----
  x Unterminated regexp literal
     ,-[C:\Users\Alexa\Desktop\NUEVA WEB\NUEVA VERSION CLONADA\Agenda_Vercel\contexts\AuthContext.tsx:118:1]
 115 |     throw new Error('useAuth debe usarse dentro de un AuthProvider')
 116 |   }
 117 |   return context
 118 | } */
     :    ^
 119 | export function useAuth() {
 120 |   const context = useContext(AuthContext)
 120 |   if (context === undefined) {
     `----
  x Expression expected
     ,-[C:\Users\Alexa\Desktop\NUEVA WEB\NUEVA VERSION CLONADA\Agenda_Vercel\contexts\AuthContext.tsx:118:1]
 115 |     throw new Error('useAuth debe usarse dentro de un AuthProvider')
 116 |   }
 117 |   return context
 118 | } */
     :     ^
 119 | export function useAuth() {
 120 |   const context = useContext(AuthContext)
 120 |   if (context === undefined) {
     `----

Caused by:
    Syntax Error

Import trace for requested module:
./contexts/AuthContext.tsx
./contexts/DataContext.tsx
 Ô¿» ./contexts/AuthContext.tsx
Error:   x Expression expected
     ,-[C:\Users\Alexa\Desktop\NUEVA WEB\NUEVA VERSION CLONADA\Agenda_Vercel\contexts\AuthContext.tsx:118:1]
 115 |     throw new Error('useAuth debe usarse dentro de un AuthProvider')
 116 |   }
 117 |   return context
 118 | } */
     :   ^
 119 | export function useAuth() {
 120 |   const context = useContext(AuthContext)
 120 |   if (context === undefined) {
     `----
  x Unterminated regexp literal
     ,-[C:\Users\Alexa\Desktop\NUEVA WEB\NUEVA VERSION CLONADA\Agenda_Vercel\contexts\AuthContext.tsx:118:1]
 115 |     throw new Error('useAuth debe usarse dentro de un AuthProvider')
 116 |   }
 117 |   return context
 118 | } */
     :    ^
 119 | export function useAuth() {
 120 |   const context = useContext(AuthContext)
 120 |   if (context === undefined) {
     `----
  x Expression expected
     ,-[C:\Users\Alexa\Desktop\NUEVA WEB\NUEVA VERSION CLONADA\Agenda_Vercel\contexts\AuthContext.tsx:118:1]
 115 |     throw new Error('useAuth debe usarse dentro de un AuthProvider')
 116 |   }
 117 |   return context
 118 | } */
     :     ^
 119 | export function useAuth() {
 120 |   const context = useContext(AuthContext)
 120 |   if (context === undefined) {
     `----

Caused by:
    Syntax Error

Import trace for requested module:
./contexts/AuthContext.tsx
./contexts/DataContext.tsx
 Ô¿» ./contexts/AuthContext.tsx
Error:   x Expression expected
     ,-[C:\Users\Alexa\Desktop\NUEVA WEB\NUEVA VERSION CLONADA\Agenda_Vercel\contexts\AuthContext.tsx:118:1]
 115 |     throw new Error('useAuth debe usarse dentro de un AuthProvider')
 116 |   }
 117 |   return context
 118 | } */
     :   ^
 119 | export function useAuth() {
 120 |   const context = useContext(AuthContext)
 120 |   if (context === undefined) {
     `----
  x Unterminated regexp literal
     ,-[C:\Users\Alexa\Desktop\NUEVA WEB\NUEVA VERSION CLONADA\Agenda_Vercel\contexts\AuthContext.tsx:118:1]
 115 |     throw new Error('useAuth debe usarse dentro de un AuthProvider')
 116 |   }
 117 |   return context
 118 | } */
     :    ^
 119 | export function useAuth() {
 120 |   const context = useContext(AuthContext)
 120 |   if (context === undefined) {
     `----
  x Expression expected
     ,-[C:\Users\Alexa\Desktop\NUEVA WEB\NUEVA VERSION CLONADA\Agenda_Vercel\contexts\AuthContext.tsx:118:1]
 115 |     throw new Error('useAuth debe usarse dentro de un AuthProvider')
 116 |   }
 117 |   return context
 118 | } */
     :     ^
 119 | export function useAuth() {
 120 |   const context = useContext(AuthContext)
 120 |   if (context === undefined) {
     `----

Caused by:
    Syntax Error

Import trace for requested module:
./contexts/AuthContext.tsx
./contexts/DataContext.tsx
 Ô¿» ./contexts/AuthContext.tsx
Error:   x Expression expected
     ,-[C:\Users\Alexa\Desktop\NUEVA WEB\NUEVA VERSION CLONADA\Agenda_Vercel\contexts\AuthContext.tsx:118:1]
 115 |     throw new Error('useAuth debe usarse dentro de un AuthProvider')
 116 |   }
 117 |   return context
 118 | } */
     :   ^
 119 | export function useAuth() {
 120 |   const context = useContext(AuthContext)
 120 |   if (context === undefined) {
     `----
  x Unterminated regexp literal
     ,-[C:\Users\Alexa\Desktop\NUEVA WEB\NUEVA VERSION CLONADA\Agenda_Vercel\contexts\AuthContext.tsx:118:1]
 115 |     throw new Error('useAuth debe usarse dentro de un AuthProvider')
 116 |   }
 117 |   return context
 118 | } */
     :    ^
 119 | export function useAuth() {
 120 |   const context = useContext(AuthContext)
 120 |   if (context === undefined) {
     `----
  x Expression expected
     ,-[C:\Users\Alexa\Desktop\NUEVA WEB\NUEVA VERSION CLONADA\Agenda_Vercel\contexts\AuthContext.tsx:118:1]
 115 |     throw new Error('useAuth debe usarse dentro de un AuthProvider')
 116 |   }
 117 |   return context
 118 | } */
     :     ^
 119 | export function useAuth() {
 120 |   const context = useContext(AuthContext)
 120 |   if (context === undefined) {
     `----

Caused by:
    Syntax Error

Import trace for requested module:
./contexts/AuthContext.tsx
./contexts/DataContext.tsx
 Ô¿» ./contexts/AuthContext.tsx
Error:   x Expression expected
     ,-[C:\Users\Alexa\Desktop\NUEVA WEB\NUEVA VERSION CLONADA\Agenda_Vercel\contexts\AuthContext.tsx:118:1]
 115 |     throw new Error('useAuth debe usarse dentro de un AuthProvider')
 116 |   }
 117 |   return context
 118 | } */
     :   ^
 119 | export function useAuth() {
 120 |   const context = useContext(AuthContext)
 120 |   if (context === undefined) {
     `----
  x Unterminated regexp literal
     ,-[C:\Users\Alexa\Desktop\NUEVA WEB\NUEVA VERSION CLONADA\Agenda_Vercel\contexts\AuthContext.tsx:118:1]
 115 |     throw new Error('useAuth debe usarse dentro de un AuthProvider')
 116 |   }
 117 |   return context
 118 | } */
     :    ^
 119 | export function useAuth() {
 120 |   const context = useContext(AuthContext)
 120 |   if (context === undefined) {
     `----
  x Expression expected
     ,-[C:\Users\Alexa\Desktop\NUEVA WEB\NUEVA VERSION CLONADA\Agenda_Vercel\contexts\AuthContext.tsx:118:1]
 115 |     throw new Error('useAuth debe usarse dentro de un AuthProvider')
 116 |   }
 117 |   return context
 118 | } */
     :     ^
 119 | export function useAuth() {
 120 |   const context = useContext(AuthContext)
 120 |   if (context === undefined) {
     `----

Caused by:
    Syntax Error

Import trace for requested module:
./contexts/AuthContext.tsx
./contexts/DataContext.tsx
 Ô¿» ./contexts/AuthContext.tsx
Error:   x Expression expected
     ,-[C:\Users\Alexa\Desktop\NUEVA WEB\NUEVA VERSION CLONADA\Agenda_Vercel\contexts\AuthContext.tsx:118:1]
 115 |     throw new Error('useAuth debe usarse dentro de un AuthProvider')
 116 |   }
 117 |   return context
 118 | } */
     :   ^
 119 | export function useAuth() {
 120 |   const context = useContext(AuthContext)
 120 |   if (context === undefined) {
     `----
  x Unterminated regexp literal
     ,-[C:\Users\Alexa\Desktop\NUEVA WEB\NUEVA VERSION CLONADA\Agenda_Vercel\contexts\AuthContext.tsx:118:1]
 115 |     throw new Error('useAuth debe usarse dentro de un AuthProvider')
 116 |   }
 117 |   return context
 118 | } */
     :    ^
 119 | export function useAuth() {
 120 |   const context = useContext(AuthContext)
 120 |   if (context === undefined) {
     `----
  x Expression expected
     ,-[C:\Users\Alexa\Desktop\NUEVA WEB\NUEVA VERSION CLONADA\Agenda_Vercel\contexts\AuthContext.tsx:118:1]
 115 |     throw new Error('useAuth debe usarse dentro de un AuthProvider')
 116 |   }
 117 |   return context
 118 | } */
     :     ^
 119 | export function useAuth() {
 120 |   const context = useContext(AuthContext)
 120 |   if (context === undefined) {
     `----

Caused by:
    Syntax Error

Import trace for requested module:
./contexts/AuthContext.tsx
./contexts/DataContext.tsx
 Ô¿» ./contexts/AuthContext.tsx
Error:   x Expression expected
     ,-[C:\Users\Alexa\Desktop\NUEVA WEB\NUEVA VERSION CLONADA\Agenda_Vercel\contexts\AuthContext.tsx:118:1]
 115 |     throw new Error('useAuth debe usarse dentro de un AuthProvider')
 116 |   }
 117 |   return context
 118 | } */
     :   ^
 119 | export function useAuth() {
 120 |   const context = useContext(AuthContext)
 120 |   if (context === undefined) {
     `----
  x Unterminated regexp literal
     ,-[C:\Users\Alexa\Desktop\NUEVA WEB\NUEVA VERSION CLONADA\Agenda_Vercel\contexts\AuthContext.tsx:118:1]
 115 |     throw new Error('useAuth debe usarse dentro de un AuthProvider')
 116 |   }
 117 |   return context
 118 | } */
     :    ^
 119 | export function useAuth() {
 120 |   const context = useContext(AuthContext)
 120 |   if (context === undefined) {
     `----
  x Expression expected
     ,-[C:\Users\Alexa\Desktop\NUEVA WEB\NUEVA VERSION CLONADA\Agenda_Vercel\contexts\AuthContext.tsx:118:1]
 115 |     throw new Error('useAuth debe usarse dentro de un AuthProvider')
 116 |   }
 117 |   return context
 118 | } */
     :     ^
 119 | export function useAuth() {
 120 |   const context = useContext(AuthContext)
 120 |   if (context === undefined) {
     `----

Caused by:
    Syntax Error

Import trace for requested module:
./contexts/AuthContext.tsx
./contexts/DataContext.tsx
 Ô¿» ./contexts/AuthContext.tsx
Error:   x Expression expected
     ,-[C:\Users\Alexa\Desktop\NUEVA WEB\NUEVA VERSION CLONADA\Agenda_Vercel\contexts\AuthContext.tsx:118:1]
 115 |     throw new Error('useAuth debe usarse dentro de un AuthProvider')
 116 |   }
 117 |   return context
 118 | } */
     :   ^
 119 | export function useAuth() {
 120 |   const context = useContext(AuthContext)
 120 |   if (context === undefined) {
     `----
  x Unterminated regexp literal
     ,-[C:\Users\Alexa\Desktop\NUEVA WEB\NUEVA VERSION CLONADA\Agenda_Vercel\contexts\AuthContext.tsx:118:1]
 115 |     throw new Error('useAuth debe usarse dentro de un AuthProvider')
 116 |   }
 117 |   return context
 118 | } */
     :    ^
 119 | export function useAuth() {
 120 |   const context = useContext(AuthContext)
 120 |   if (context === undefined) {
     `----
  x Expression expected
     ,-[C:\Users\Alexa\Desktop\NUEVA WEB\NUEVA VERSION CLONADA\Agenda_Vercel\contexts\AuthContext.tsx:118:1]
 115 |     throw new Error('useAuth debe usarse dentro de un AuthProvider')
 116 |   }
 117 |   return context
 118 | } */
     :     ^
 119 | export function useAuth() {
 120 |   const context = useContext(AuthContext)
 120 |   if (context === undefined) {
     `----

Caused by:
    Syntax Error

Import trace for requested module:
./contexts/AuthContext.tsx
./contexts/DataContext.tsx
 Ô¿» ./contexts/AuthContext.tsx
Error:   x Expression expected
     ,-[C:\Users\Alexa\Desktop\NUEVA WEB\NUEVA VERSION CLONADA\Agenda_Vercel\contexts\AuthContext.tsx:118:1]
 115 |     throw new Error('useAuth debe usarse dentro de un AuthProvider')
 116 |   }
 117 |   return context
 118 | } */
     :   ^
 119 | export function useAuth() {
 120 |   const context = useContext(AuthContext)
 120 |   if (context === undefined) {
     `----
  x Unterminated regexp literal
     ,-[C:\Users\Alexa\Desktop\NUEVA WEB\NUEVA VERSION CLONADA\Agenda_Vercel\contexts\AuthContext.tsx:118:1]
 115 |     throw new Error('useAuth debe usarse dentro de un AuthProvider')
 116 |   }
 117 |   return context
 118 | } */
     :    ^
 119 | export function useAuth() {
 120 |   const context = useContext(AuthContext)
 120 |   if (context === undefined) {
     `----
  x Expression expected
     ,-[C:\Users\Alexa\Desktop\NUEVA WEB\NUEVA VERSION CLONADA\Agenda_Vercel\contexts\AuthContext.tsx:118:1]
 115 |     throw new Error('useAuth debe usarse dentro de un AuthProvider')
 116 |   }
 117 |   return context
 118 | } */
     :     ^
 119 | export function useAuth() {
 120 |   const context = useContext(AuthContext)
 120 |   if (context === undefined) {
     `----

Caused by:
    Syntax Error

Import trace for requested module:
./contexts/AuthContext.tsx
./contexts/DataContext.tsx
 Ô¿» ./contexts/AuthContext.tsx
Error:   x Expression expected
     ,-[C:\Users\Alexa\Desktop\NUEVA WEB\NUEVA VERSION CLONADA\Agenda_Vercel\contexts\AuthContext.tsx:118:1]
 115 |     throw new Error('useAuth debe usarse dentro de un AuthProvider')
 116 |   }
 117 |   return context
 118 | } */
     :   ^
 119 | export function useAuth() {
 120 |   const context = useContext(AuthContext)
 120 |   if (context === undefined) {
     `----
  x Unterminated regexp literal
     ,-[C:\Users\Alexa\Desktop\NUEVA WEB\NUEVA VERSION CLONADA\Agenda_Vercel\contexts\AuthContext.tsx:118:1]
 115 |     throw new Error('useAuth debe usarse dentro de un AuthProvider')
 116 |   }
 117 |   return context
 118 | } */
     :    ^
 119 | export function useAuth() {
 120 |   const context = useContext(AuthContext)
 120 |   if (context === undefined) {
     `----
  x Expression expected
     ,-[C:\Users\Alexa\Desktop\NUEVA WEB\NUEVA VERSION CLONADA\Agenda_Vercel\contexts\AuthContext.tsx:118:1]
 115 |     throw new Error('useAuth debe usarse dentro de un AuthProvider')
 116 |   }
 117 |   return context
 118 | } */
     :     ^
 119 | export function useAuth() {
 120 |   const context = useContext(AuthContext)
 120 |   if (context === undefined) {
     `----

Caused by:
    Syntax Error

Import trace for requested module:
./contexts/AuthContext.tsx
./contexts/DataContext.tsx
 Ô¿» ./contexts/AuthContext.tsx
Error:   x Expression expected
     ,-[C:\Users\Alexa\Desktop\NUEVA WEB\NUEVA VERSION CLONADA\Agenda_Vercel\contexts\AuthContext.tsx:118:1]
 115 |     throw new Error('useAuth debe usarse dentro de un AuthProvider')
 116 |   }
 117 |   return context
 118 | } */
     :   ^
 119 | export function useAuth() {
 120 |   const context = useContext(AuthContext)
 120 |   if (context === undefined) {
     `----
  x Unterminated regexp literal
     ,-[C:\Users\Alexa\Desktop\NUEVA WEB\NUEVA VERSION CLONADA\Agenda_Vercel\contexts\AuthContext.tsx:118:1]
 115 |     throw new Error('useAuth debe usarse dentro de un AuthProvider')
 116 |   }
 117 |   return context
 118 | } */
     :    ^
 119 | export function useAuth() {
 120 |   const context = useContext(AuthContext)
 120 |   if (context === undefined) {
     `----
  x Expression expected
     ,-[C:\Users\Alexa\Desktop\NUEVA WEB\NUEVA VERSION CLONADA\Agenda_Vercel\contexts\AuthContext.tsx:118:1]
 115 |     throw new Error('useAuth debe usarse dentro de un AuthProvider')
 116 |   }
 117 |   return context
 118 | } */
     :     ^
 119 | export function useAuth() {
 120 |   const context = useContext(AuthContext)
 120 |   if (context === undefined) {
     `----

Caused by:
    Syntax Error

Import trace for requested module:
./contexts/AuthContext.tsx
./contexts/DataContext.tsx
 Ô¿» ./contexts/AuthContext.tsx
Error:   x Expression expected
     ,-[C:\Users\Alexa\Desktop\NUEVA WEB\NUEVA VERSION CLONADA\Agenda_Vercel\contexts\AuthContext.tsx:118:1]
 115 |     throw new Error('useAuth debe usarse dentro de un AuthProvider')
 116 |   }
 117 |   return context
 118 | } */
     :   ^
 119 | export function useAuth() {
 120 |   const context = useContext(AuthContext)
 120 |   if (context === undefined) {
     `----
  x Unterminated regexp literal
     ,-[C:\Users\Alexa\Desktop\NUEVA WEB\NUEVA VERSION CLONADA\Agenda_Vercel\contexts\AuthContext.tsx:118:1]
 115 |     throw new Error('useAuth debe usarse dentro de un AuthProvider')
 116 |   }
 117 |   return context
 118 | } */
     :    ^
 119 | export function useAuth() {
 120 |   const context = useContext(AuthContext)
 120 |   if (context === undefined) {
     `----
  x Expression expected
     ,-[C:\Users\Alexa\Desktop\NUEVA WEB\NUEVA VERSION CLONADA\Agenda_Vercel\contexts\AuthContext.tsx:118:1]
 115 |     throw new Error('useAuth debe usarse dentro de un AuthProvider')
 116 |   }
 117 |   return context
 118 | } */
     :     ^
 119 | export function useAuth() {
 120 |   const context = useContext(AuthContext)
 120 |   if (context === undefined) {
     `----

Caused by:
    Syntax Error

Import trace for requested module:
./contexts/AuthContext.tsx
./contexts/DataContext.tsx
 Ô¿» ./contexts/AuthContext.tsx
Error:   x Expression expected
     ,-[C:\Users\Alexa\Desktop\NUEVA WEB\NUEVA VERSION CLONADA\Agenda_Vercel\contexts\AuthContext.tsx:118:1]
 115 |     throw new Error('useAuth debe usarse dentro de un AuthProvider')
 116 |   }
 117 |   return context
 118 | } */
     :   ^
 119 | export function useAuth() {
 120 |   const context = useContext(AuthContext)
 120 |   if (context === undefined) {
     `----
  x Unterminated regexp literal
     ,-[C:\Users\Alexa\Desktop\NUEVA WEB\NUEVA VERSION CLONADA\Agenda_Vercel\contexts\AuthContext.tsx:118:1]
 115 |     throw new Error('useAuth debe usarse dentro de un AuthProvider')
 116 |   }
 117 |   return context
 118 | } */
     :    ^
 119 | export function useAuth() {
 120 |   const context = useContext(AuthContext)
 120 |   if (context === undefined) {
     `----
  x Expression expected
     ,-[C:\Users\Alexa\Desktop\NUEVA WEB\NUEVA VERSION CLONADA\Agenda_Vercel\contexts\AuthContext.tsx:118:1]
 115 |     throw new Error('useAuth debe usarse dentro de un AuthProvider')
 116 |   }
 117 |   return context
 118 | } */
     :     ^
 119 | export function useAuth() {
 120 |   const context = useContext(AuthContext)
 120 |   if (context === undefined) {
     `----

Caused by:
    Syntax Error

Import trace for requested module:
./contexts/AuthContext.tsx
./contexts/DataContext.tsx
 Ô¿» ./contexts/AuthContext.tsx
Error:   x Expression expected
     ,-[C:\Users\Alexa\Desktop\NUEVA WEB\NUEVA VERSION CLONADA\Agenda_Vercel\contexts\AuthContext.tsx:118:1]
 115 |     throw new Error('useAuth debe usarse dentro de un AuthProvider')
 116 |   }
 117 |   return context
 118 | } */
     :   ^
 119 | export function useAuth() {
 120 |   const context = useContext(AuthContext)
 120 |   if (context === undefined) {
     `----
  x Unterminated regexp literal
     ,-[C:\Users\Alexa\Desktop\NUEVA WEB\NUEVA VERSION CLONADA\Agenda_Vercel\contexts\AuthContext.tsx:118:1]
 115 |     throw new Error('useAuth debe usarse dentro de un AuthProvider')
 116 |   }
 117 |   return context
 118 | } */
     :    ^
 119 | export function useAuth() {
 120 |   const context = useContext(AuthContext)
 120 |   if (context === undefined) {
     `----
  x Expression expected
     ,-[C:\Users\Alexa\Desktop\NUEVA WEB\NUEVA VERSION CLONADA\Agenda_Vercel\contexts\AuthContext.tsx:118:1]
 115 |     throw new Error('useAuth debe usarse dentro de un AuthProvider')
 116 |   }
 117 |   return context
 118 | } */
     :     ^
 119 | export function useAuth() {
 120 |   const context = useContext(AuthContext)
 120 |   if (context === undefined) {
     `----

Caused by:
    Syntax Error

Import trace for requested module:
./contexts/AuthContext.tsx
./contexts/DataContext.tsx
 Ô¿» ./contexts/AuthContext.tsx
Error:   x Expression expected
     ,-[C:\Users\Alexa\Desktop\NUEVA WEB\NUEVA VERSION CLONADA\Agenda_Vercel\contexts\AuthContext.tsx:118:1]
 115 |     throw new Error('useAuth debe usarse dentro de un AuthProvider')
 116 |   }
 117 |   return context
 118 | } */
     :   ^
 119 | export function useAuth() {
 120 |   const context = useContext(AuthContext)
 120 |   if (context === undefined) {
     `----
  x Unterminated regexp literal
     ,-[C:\Users\Alexa\Desktop\NUEVA WEB\NUEVA VERSION CLONADA\Agenda_Vercel\contexts\AuthContext.tsx:118:1]
 115 |     throw new Error('useAuth debe usarse dentro de un AuthProvider')
 116 |   }
 117 |   return context
 118 | } */
     :    ^
 119 | export function useAuth() {
 120 |   const context = useContext(AuthContext)
 120 |   if (context === undefined) {
     `----
  x Expression expected
     ,-[C:\Users\Alexa\Desktop\NUEVA WEB\NUEVA VERSION CLONADA\Agenda_Vercel\contexts\AuthContext.tsx:118:1]
 115 |     throw new Error('useAuth debe usarse dentro de un AuthProvider')
 116 |   }
 117 |   return context
 118 | } */
     :     ^
 119 | export function useAuth() {
 120 |   const context = useContext(AuthContext)
 120 |   if (context === undefined) {
     `----

Caused by:
    Syntax Error

Import trace for requested module:
./contexts/AuthContext.tsx
./contexts/DataContext.tsx
 Ô¿» ./contexts/AuthContext.tsx
Error:   x Expression expected
     ,-[C:\Users\Alexa\Desktop\NUEVA WEB\NUEVA VERSION CLONADA\Agenda_Vercel\contexts\AuthContext.tsx:118:1]
 115 |     throw new Error('useAuth debe usarse dentro de un AuthProvider')
 116 |   }
 117 |   return context
 118 | } */
     :   ^
 119 | export function useAuth() {
 120 |   const context = useContext(AuthContext)
 120 |   if (context === undefined) {
     `----
  x Unterminated regexp literal
     ,-[C:\Users\Alexa\Desktop\NUEVA WEB\NUEVA VERSION CLONADA\Agenda_Vercel\contexts\AuthContext.tsx:118:1]
 115 |     throw new Error('useAuth debe usarse dentro de un AuthProvider')
 116 |   }
 117 |   return context
 118 | } */
     :    ^
 119 | export function useAuth() {
 120 |   const context = useContext(AuthContext)
 120 |   if (context === undefined) {
     `----
  x Expression expected
     ,-[C:\Users\Alexa\Desktop\NUEVA WEB\NUEVA VERSION CLONADA\Agenda_Vercel\contexts\AuthContext.tsx:118:1]
 115 |     throw new Error('useAuth debe usarse dentro de un AuthProvider')
 116 |   }
 117 |   return context
 118 | } */
     :     ^
 119 | export function useAuth() {
 120 |   const context = useContext(AuthContext)
 120 |   if (context === undefined) {
     `----

Caused by:
    Syntax Error

Import trace for requested module:
./contexts/AuthContext.tsx
./contexts/DataContext.tsx
 Ô¿» ./contexts/AuthContext.tsx
Error:   x Expression expected
     ,-[C:\Users\Alexa\Desktop\NUEVA WEB\NUEVA VERSION CLONADA\Agenda_Vercel\contexts\AuthContext.tsx:118:1]
 115 |     throw new Error('useAuth debe usarse dentro de un AuthProvider')
 116 |   }
 117 |   return context
 118 | } */
     :   ^
 119 | export function useAuth() {
 120 |   const context = useContext(AuthContext)
 120 |   if (context === undefined) {
     `----
  x Unterminated regexp literal
     ,-[C:\Users\Alexa\Desktop\NUEVA WEB\NUEVA VERSION CLONADA\Agenda_Vercel\contexts\AuthContext.tsx:118:1]
 115 |     throw new Error('useAuth debe usarse dentro de un AuthProvider')
 116 |   }
 117 |   return context
 118 | } */
     :    ^
 119 | export function useAuth() {
 120 |   const context = useContext(AuthContext)
 120 |   if (context === undefined) {
     `----
  x Expression expected
     ,-[C:\Users\Alexa\Desktop\NUEVA WEB\NUEVA VERSION CLONADA\Agenda_Vercel\contexts\AuthContext.tsx:118:1]
 115 |     throw new Error('useAuth debe usarse dentro de un AuthProvider')
 116 |   }
 117 |   return context
 118 | } */
     :     ^
 119 | export function useAuth() {
 120 |   const context = useContext(AuthContext)
 120 |   if (context === undefined) {
     `----

Caused by:
    Syntax Error

Import trace for requested module:
./contexts/AuthContext.tsx
./contexts/DataContext.tsx
 Ô¿» ./contexts/AuthContext.tsx
Error:   x Expression expected
     ,-[C:\Users\Alexa\Desktop\NUEVA WEB\NUEVA VERSION CLONADA\Agenda_Vercel\contexts\AuthContext.tsx:118:1]
 115 |     throw new Error('useAuth debe usarse dentro de un AuthProvider')
 116 |   }
 117 |   return context
 118 | } */
     :   ^
 119 | export function useAuth() {
 120 |   const context = useContext(AuthContext)
 120 |   if (context === undefined) {
     `----
  x Unterminated regexp literal
     ,-[C:\Users\Alexa\Desktop\NUEVA WEB\NUEVA VERSION CLONADA\Agenda_Vercel\contexts\AuthContext.tsx:118:1]
 115 |     throw new Error('useAuth debe usarse dentro de un AuthProvider')
 116 |   }
 117 |   return context
 118 | } */
     :    ^
 119 | export function useAuth() {
 120 |   const context = useContext(AuthContext)
 120 |   if (context === undefined) {
     `----
  x Expression expected
     ,-[C:\Users\Alexa\Desktop\NUEVA WEB\NUEVA VERSION CLONADA\Agenda_Vercel\contexts\AuthContext.tsx:118:1]
 115 |     throw new Error('useAuth debe usarse dentro de un AuthProvider')
 116 |   }
 117 |   return context
 118 | } */
     :     ^
 119 | export function useAuth() {
 120 |   const context = useContext(AuthContext)
 120 |   if (context === undefined) {
     `----

Caused by:
    Syntax Error

Import trace for requested module:
./contexts/AuthContext.tsx
./contexts/DataContext.tsx
 Ô¿» ./contexts/AuthContext.tsx
Error:   x Expression expected
     ,-[C:\Users\Alexa\Desktop\NUEVA WEB\NUEVA VERSION CLONADA\Agenda_Vercel\contexts\AuthContext.tsx:118:1]
 115 |     throw new Error('useAuth debe usarse dentro de un AuthProvider')
 116 |   }
 117 |   return context
 118 | } */
     :   ^
 119 | export function useAuth() {
 120 |   const context = useContext(AuthContext)
 120 |   if (context === undefined) {
     `----
  x Unterminated regexp literal
     ,-[C:\Users\Alexa\Desktop\NUEVA WEB\NUEVA VERSION CLONADA\Agenda_Vercel\contexts\AuthContext.tsx:118:1]
 115 |     throw new Error('useAuth debe usarse dentro de un AuthProvider')
 116 |   }
 117 |   return context
 118 | } */
     :    ^
 119 | export function useAuth() {
 120 |   const context = useContext(AuthContext)
 120 |   if (context === undefined) {
     `----
  x Expression expected
     ,-[C:\Users\Alexa\Desktop\NUEVA WEB\NUEVA VERSION CLONADA\Agenda_Vercel\contexts\AuthContext.tsx:118:1]
 115 |     throw new Error('useAuth debe usarse dentro de un AuthProvider')
 116 |   }
 117 |   return context
 118 | } */
     :     ^
 119 | export function useAuth() {
 120 |   const context = useContext(AuthContext)
 120 |   if (context === undefined) {
     `----

Caused by:
    Syntax Error

Import trace for requested module:
./contexts/AuthContext.tsx
./contexts/DataContext.tsx
 Ô¿» ./contexts/AuthContext.tsx
Error:   x Expression expected
     ,-[C:\Users\Alexa\Desktop\NUEVA WEB\NUEVA VERSION CLONADA\Agenda_Vercel\contexts\AuthContext.tsx:118:1]
 115 |     throw new Error('useAuth debe usarse dentro de un AuthProvider')
 116 |   }
 117 |   return context
 118 | } */
     :   ^
 119 | export function useAuth() {
 120 |   const context = useContext(AuthContext)
 120 |   if (context === undefined) {
     `----
  x Unterminated regexp literal
     ,-[C:\Users\Alexa\Desktop\NUEVA WEB\NUEVA VERSION CLONADA\Agenda_Vercel\contexts\AuthContext.tsx:118:1]
 115 |     throw new Error('useAuth debe usarse dentro de un AuthProvider')
 116 |   }
 117 |   return context
 118 | } */
     :    ^
 119 | export function useAuth() {
 120 |   const context = useContext(AuthContext)
 120 |   if (context === undefined) {
     `----
  x Expression expected
     ,-[C:\Users\Alexa\Desktop\NUEVA WEB\NUEVA VERSION CLONADA\Agenda_Vercel\contexts\AuthContext.tsx:118:1]
 115 |     throw new Error('useAuth debe usarse dentro de un AuthProvider')
 116 |   }
 117 |   return context
 118 | } */
     :     ^
 119 | export function useAuth() {
 120 |   const context = useContext(AuthContext)
 120 |   if (context === undefined) {
     `----

Caused by:
    Syntax Error

Import trace for requested module:
./contexts/AuthContext.tsx
./contexts/DataContext.tsx
 Ô¿» ./contexts/DataContext.tsx
Error:   x Expected a semicolon
     ,-[C:\Users\Alexa\Desktop\NUEVA WEB\NUEVA VERSION CLONADA\Agenda_Vercel\contexts\DataContext.tsx:365:1]
 362 |             console.warn('ÔÜá´©Å No se pudo leer usuario para debug:', readErr2)
 363 |           }
 364 |         }
 365 |       } catch (dbgErr) {
     :       ^
 366 |         console.warn('ÔÜá´©Å Error recogiendo info de debug:', dbgErr)
 367 |       }
 367 | 
     `----
  x Expected a semicolon
     ,-[C:\Users\Alexa\Desktop\NUEVA WEB\NUEVA VERSION CLONADA\Agenda_Vercel\contexts\DataContext.tsx:365:1]
 362 |             console.warn('ÔÜá´©Å No se pudo leer usuario para debug:', readErr2)
 363 |           }
 364 |         }
 365 |       } catch (dbgErr) {
     :         ^^^^^
 366 |         console.warn('ÔÜá´©Å Error recogiendo info de debug:', dbgErr)
 367 |       }
 367 | 
     `----
  x Expected ',', got '}'
     ,-[C:\Users\Alexa\Desktop\NUEVA WEB\NUEVA VERSION CLONADA\Agenda_Vercel\contexts\DataContext.tsx:372:1]
 369 |       setError(errorMsg)
 370 |       throw err
 371 |     }
 372 |   }, [])
     :   ^
 373 | 
 374 |   // FUNCIONES SIMILARES PARA CITAS
 374 |   const addCita = useCallback(
     `----

Caused by:
    Syntax Error

Import trace for requested module:
./contexts/DataContext.tsx
 Ô¿» ./contexts/DataContext.tsx
Error:   x Expected a semicolon
     ,-[C:\Users\Alexa\Desktop\NUEVA WEB\NUEVA VERSION CLONADA\Agenda_Vercel\contexts\DataContext.tsx:365:1]
 362 |             console.warn('ÔÜá´©Å No se pudo leer usuario para debug:', readErr2)
 363 |           }
 364 |         }
 365 |       } catch (dbgErr) {
     :       ^
 366 |         console.warn('ÔÜá´©Å Error recogiendo info de debug:', dbgErr)
 367 |       }
 367 | 
     `----
  x Expected a semicolon
     ,-[C:\Users\Alexa\Desktop\NUEVA WEB\NUEVA VERSION CLONADA\Agenda_Vercel\contexts\DataContext.tsx:365:1]
 362 |             console.warn('ÔÜá´©Å No se pudo leer usuario para debug:', readErr2)
 363 |           }
 364 |         }
 365 |       } catch (dbgErr) {
     :         ^^^^^
 366 |         console.warn('ÔÜá´©Å Error recogiendo info de debug:', dbgErr)
 367 |       }
 367 | 
     `----
  x Expected ',', got '}'
     ,-[C:\Users\Alexa\Desktop\NUEVA WEB\NUEVA VERSION CLONADA\Agenda_Vercel\contexts\DataContext.tsx:372:1]
 369 |       setError(errorMsg)
 370 |       throw err
 371 |     }
 372 |   }, [])
     :   ^
 373 | 
 374 |   // FUNCIONES SIMILARES PARA CITAS
 374 |   const addCita = useCallback(
     `----

Caused by:
    Syntax Error

Import trace for requested module:
./contexts/DataContext.tsx
 Ô¿» ./contexts/DataContext.tsx
Error:   x Expected a semicolon
     ,-[C:\Users\Alexa\Desktop\NUEVA WEB\NUEVA VERSION CLONADA\Agenda_Vercel\contexts\DataContext.tsx:365:1]
 362 |             console.warn('ÔÜá´©Å No se pudo leer usuario para debug:', readErr2)
 363 |           }
 364 |         }
 365 |       } catch (dbgErr) {
     :       ^
 366 |         console.warn('ÔÜá´©Å Error recogiendo info de debug:', dbgErr)
 367 |       }
 367 | 
     `----
  x Expected a semicolon
     ,-[C:\Users\Alexa\Desktop\NUEVA WEB\NUEVA VERSION CLONADA\Agenda_Vercel\contexts\DataContext.tsx:365:1]
 362 |             console.warn('ÔÜá´©Å No se pudo leer usuario para debug:', readErr2)
 363 |           }
 364 |         }
 365 |       } catch (dbgErr) {
     :         ^^^^^
 366 |         console.warn('ÔÜá´©Å Error recogiendo info de debug:', dbgErr)
 367 |       }
 367 | 
     `----
  x Expected ',', got '}'
     ,-[C:\Users\Alexa\Desktop\NUEVA WEB\NUEVA VERSION CLONADA\Agenda_Vercel\contexts\DataContext.tsx:372:1]
 369 |       setError(errorMsg)
 370 |       throw err
 371 |     }
 372 |   }, [])
     :   ^
 373 | 
 374 |   // FUNCIONES SIMILARES PARA CITAS
 374 |   const addCita = useCallback(
     `----

Caused by:
    Syntax Error

Import trace for requested module:
./contexts/DataContext.tsx
 Ô¿» ./contexts/DataContext.tsx
Error:   x Expected a semicolon
     ,-[C:\Users\Alexa\Desktop\NUEVA WEB\NUEVA VERSION CLONADA\Agenda_Vercel\contexts\DataContext.tsx:365:1]
 362 |             console.warn('ÔÜá´©Å No se pudo leer usuario para debug:', readErr2)
 363 |           }
 364 |         }
 365 |       } catch (dbgErr) {
     :       ^
 366 |         console.warn('ÔÜá´©Å Error recogiendo info de debug:', dbgErr)
 367 |       }
 367 | 
     `----
  x Expected a semicolon
     ,-[C:\Users\Alexa\Desktop\NUEVA WEB\NUEVA VERSION CLONADA\Agenda_Vercel\contexts\DataContext.tsx:365:1]
 362 |             console.warn('ÔÜá´©Å No se pudo leer usuario para debug:', readErr2)
 363 |           }
 364 |         }
 365 |       } catch (dbgErr) {
     :         ^^^^^
 366 |         console.warn('ÔÜá´©Å Error recogiendo info de debug:', dbgErr)
 367 |       }
 367 | 
     `----
  x Expected ',', got '}'
     ,-[C:\Users\Alexa\Desktop\NUEVA WEB\NUEVA VERSION CLONADA\Agenda_Vercel\contexts\DataContext.tsx:372:1]
 369 |       setError(errorMsg)
 370 |       throw err
 371 |     }
 372 |   }, [])
     :   ^
 373 | 
 374 |   // FUNCIONES SIMILARES PARA CITAS
 374 |   const addCita = useCallback(
     `----

Caused by:
    Syntax Error

Import trace for requested module:
./contexts/DataContext.tsx
 Ô£ô Compiled in 726ms (316 modules)
 Ô£ô Compiled in 252ms (316 modules)
 Ô£ô Compiled in 256ms (316 modules)
 Ô£ô Compiled in 331ms (316 modules)
 Ô£ô Compiled in 245ms (316 modules)
 Ô£ô Compiled in 323ms (316 modules)
 Ô£ô Compiled in 255ms (316 modules)
 Ô£ô Compiled in 322ms (316 modules)
 Ô£ô Compiled in 334ms (316 modules)
 Ô£ô Compiled in 272ms (316 modules)
 Ô£ô Compiled in 293ms (316 modules)
 Ô£ô Compiled in 307ms (316 modules)
 Ô£ô Compiled in 359ms (316 modules)
 Ô£ô Compiled in 359ms (316 modules)
 Ô£ô Compiled in 285ms (316 modules)
 Ô£ô Compiled in 237ms (316 modules)
 Ô£ô Compiled in 248ms (316 modules)
 Ô£ô Compiled in 244ms (316 modules)
 Ô£ô Compiled in 329ms (316 modules)
 Ô£ô Compiled in 216ms (316 modules)
 Ô£ô Compiled in 209ms (316 modules)
 Ô£ô Compiled in 270ms (316 modules)
 Ô£ô Compiled in 273ms (316 modules)
 Ô£ô Compiled in 259ms (316 modules)
 Ô£ô Compiled in 213ms (316 modules)
 Ô£ô Compiled in 238ms (316 modules)
 Ô£ô Compiled in 237ms (316 modules)
 Ô£ô Compiled in 203ms (316 modules)
 Ô£ô Compiled in 241ms (316 modules)
 Ô£ô Compiled in 207ms (316 modules)
 Ô£ô Compiled in 201ms (316 modules)
 Ô£ô Compiled in 231ms (316 modules)
 Ô£ô Compiled in 206ms (316 modules)
 Ô£ô Compiled in 238ms (316 modules)
 Ô£ô Compiled in 214ms (316 modules)
 Ô£ô Compiled in 206ms (316 modules)
 Ôùï Compiling / ...
 Ô£ô Compiled / in 1691ms (1118 modules)
 Ô¿» [Error: ENOENT: no such file or directory, open 'C:\Users\Alexa\Desktop\NUEVA WEB\NUEVA VERSION CLONADA\Agenda_Vercel\.next\routes-manifest.json'] {
  errno: -4058,
  code: 'ENOENT',
  syscall: 'open',
  path: 'C:\\Users\\Alexa\\Desktop\\NUEVA WEB\\NUEVA VERSION CLONADA\\Agenda_Vercel\\.next\\routes-manifest.json',
  page: '/'
}
 Ôùï Compiling /_error ...
 Ô£ô Compiled /_error in 1320ms (1458 modules)
 Ô¿» [Error: ENOENT: no such file or directory, open 'C:\Users\Alexa\Desktop\NUEVA WEB\NUEVA VERSION CLONADA\Agenda_Vercel\.next\routes-manifest.json'] {
  errno: -4058,
  code: 'ENOENT',
  syscall: 'open',
  path: 'C:\\Users\\Alexa\\Desktop\\NUEVA WEB\\NUEVA VERSION CLONADA\\Agenda_Vercel\\.next\\routes-manifest.json'
}
[Error: ENOENT: no such file or directory, open 'C:\Users\Alexa\Desktop\NUEVA WEB\NUEVA VERSION CLONADA\Agenda_Vercel\.next\routes-manifest.json'] {
  errno: -4058,
  code: 'ENOENT',
  syscall: 'open',
  path: 'C:\\Users\\Alexa\\Desktop\\NUEVA WEB\\NUEVA VERSION CLONADA\\Agenda_Vercel\\.next\\routes-manifest.json',
  page: '/'
}
 Ô¿» [Error: ENOENT: no such file or directory, open 'C:\Users\Alexa\Desktop\NUEVA WEB\NUEVA VERSION CLONADA\Agenda_Vercel\.next\routes-manifest.json'] {
  errno: -4058,
  code: 'ENOENT',
  syscall: 'open',
  path: 'C:\\Users\\Alexa\\Desktop\\NUEVA WEB\\NUEVA VERSION CLONADA\\Agenda_Vercel\\.next\\routes-manifest.json'
}
[Error: ENOENT: no such file or directory, open 'C:\Users\Alexa\Desktop\NUEVA WEB\NUEVA VERSION CLONADA\Agenda_Vercel\.next\routes-manifest.json'] {
  errno: -4058,
  code: 'ENOENT',
  syscall: 'open',
  path: 'C:\\Users\\Alexa\\Desktop\\NUEVA WEB\\NUEVA VERSION CLONADA\\Agenda_Vercel\\.next\\routes-manifest.json'
}
 GET / 500 in 5711ms
 GET / 500 in 304ms
 Ô¿» [Error: ENOENT: no such file or directory, open 'C:\Users\Alexa\Desktop\NUEVA WEB\NUEVA VERSION CLONADA\Agenda_Vercel\.next\routes-manifest.json'] {
  errno: -4058,
  code: 'ENOENT',
  syscall: 'open',
  path: 'C:\\Users\\Alexa\\Desktop\\NUEVA WEB\\NUEVA VERSION CLONADA\\Agenda_Vercel\\.next\\routes-manifest.json',
  page: '/'
}
 Ô¿» [Error: ENOENT: no such file or directory, open 'C:\Users\Alexa\Desktop\NUEVA WEB\NUEVA VERSION CLONADA\Agenda_Vercel\.next\routes-manifest.json'] {
  errno: -4058,
  code: 'ENOENT',
  syscall: 'open',
  path: 'C:\\Users\\Alexa\\Desktop\\NUEVA WEB\\NUEVA VERSION CLONADA\\Agenda_Vercel\\.next\\routes-manifest.json'
}
[Error: ENOENT: no such file or directory, open 'C:\Users\Alexa\Desktop\NUEVA WEB\NUEVA VERSION CLONADA\Agenda_Vercel\.next\routes-manifest.json'] {
  errno: -4058,
  code: 'ENOENT',
  syscall: 'open',
  path: 'C:\\Users\\Alexa\\Desktop\\NUEVA WEB\\NUEVA VERSION CLONADA\\Agenda_Vercel\\.next\\routes-manifest.json',
  page: '/'
}
 Ô¿» [Error: ENOENT: no such file or directory, open 'C:\Users\Alexa\Desktop\NUEVA WEB\NUEVA VERSION CLONADA\Agenda_Vercel\.next\routes-manifest.json'] {
  errno: -4058,
  code: 'ENOENT',
  syscall: 'open',
  path: 'C:\\Users\\Alexa\\Desktop\\NUEVA WEB\\NUEVA VERSION CLONADA\\Agenda_Vercel\\.next\\routes-manifest.json'
}
[Error: ENOENT: no such file or directory, open 'C:\Users\Alexa\Desktop\NUEVA WEB\NUEVA VERSION CLONADA\Agenda_Vercel\.next\routes-manifest.json'] {
  errno: -4058,
  code: 'ENOENT',
  syscall: 'open',
  path: 'C:\\Users\\Alexa\\Desktop\\NUEVA WEB\\NUEVA VERSION CLONADA\\Agenda_Vercel\\.next\\routes-manifest.json'
}
 GET / 500 in 1157ms
 GET / 500 in 276ms
 Ô¿» [Error: ENOENT: no such file or directory, open 'C:\Users\Alexa\Desktop\NUEVA WEB\NUEVA VERSION CLONADA\Agenda_Vercel\.next\routes-manifest.json'] {
  errno: -4058,
  code: 'ENOENT',
  syscall: 'open',
  path: 'C:\\Users\\Alexa\\Desktop\\NUEVA WEB\\NUEVA VERSION CLONADA\\Agenda_Vercel\\.next\\routes-manifest.json',
  page: '/'
}
 Ô¿» [Error: ENOENT: no such file or directory, open 'C:\Users\Alexa\Desktop\NUEVA WEB\NUEVA VERSION CLONADA\Agenda_Vercel\.next\routes-manifest.json'] {
  errno: -4058,
  code: 'ENOENT',
  syscall: 'open',
  path: 'C:\\Users\\Alexa\\Desktop\\NUEVA WEB\\NUEVA VERSION CLONADA\\Agenda_Vercel\\.next\\routes-manifest.json'
}
[Error: ENOENT: no such file or directory, open 'C:\Users\Alexa\Desktop\NUEVA WEB\NUEVA VERSION CLONADA\Agenda_Vercel\.next\routes-manifest.json'] {
  errno: -4058,
  code: 'ENOENT',
  syscall: 'open',
  path: 'C:\\Users\\Alexa\\Desktop\\NUEVA WEB\\NUEVA VERSION CLONADA\\Agenda_Vercel\\.next\\routes-manifest.json',
  page: '/'
}
 Ô¿» [Error: ENOENT: no such file or directory, open 'C:\Users\Alexa\Desktop\NUEVA WEB\NUEVA VERSION CLONADA\Agenda_Vercel\.next\server\pages-manifest.json'] {
  errno: -4058,
  code: 'ENOENT',
  syscall: 'open',
  path: 'C:\\Users\\Alexa\\Desktop\\NUEVA WEB\\NUEVA VERSION CLONADA\\Agenda_Vercel\\.next\\server\\pages-manifest.json'
}
[Error: ENOENT: no such file or directory, open 'C:\Users\Alexa\Desktop\NUEVA WEB\NUEVA VERSION CLONADA\Agenda_Vercel\.next\routes-manifest.json'] {
  errno: -4058,
  code: 'ENOENT',
  syscall: 'open',
  path: 'C:\\Users\\Alexa\\Desktop\\NUEVA WEB\\NUEVA VERSION CLONADA\\Agenda_Vercel\\.next\\routes-manifest.json'
}
 GET / 500 in 845ms
 GET / 500 in 253ms
 Ô£ô Compiled /_not-found in 271ms (1463 modules)
 Ô¿» [Error: Invariant: missing bootstrap script. This is a bug in Next.js]
 Ô¿» [Error: Invariant: missing bootstrap script. This is a bug in Next.js]
TypeError: Cannot read properties of undefined (reading '/_app')
    at new Promise (<anonymous>)
 Ô¿» TypeError: Cannot read properties of undefined (reading '/_app')
    at new Promise (<anonymous>)
 Ô¿» TypeError: Cannot read properties of undefined (reading '/_app')
    at new Promise (<anonymous>)
 GET / 500 in 967ms
